13:59:38.907 [main] WARN  o.a.cxf.phase.PhaseInterceptorChain - Interceptor for {http://localhost:8180/SRRPWS/cxf/RESTful}WebClient has thrown exception, unwinding now
org.apache.cxf.interceptor.Fault: Could not send Message.
	at org.apache.cxf.interceptor.MessageSenderInterceptor$MessageSenderEndingInterceptor.handleMessage(MessageSenderInterceptor.java:64) ~[cxf-core-3.0.7.jar:3.0.7]
	at org.apache.cxf.phase.PhaseInterceptorChain.doIntercept(PhaseInterceptorChain.java:307) ~[cxf-core-3.0.7.jar:3.0.7]
	at org.apache.cxf.jaxrs.client.AbstractClient.doRunInterceptorChain(AbstractClient.java:649) [cxf-rt-rs-client-3.0.7.jar:3.0.7]
	at org.apache.cxf.jaxrs.client.WebClient.doChainedInvocation(WebClient.java:1093) [cxf-rt-rs-client-3.0.7.jar:3.0.7]
	at org.apache.cxf.jaxrs.client.WebClient.doInvoke(WebClient.java:894) [cxf-rt-rs-client-3.0.7.jar:3.0.7]
	at org.apache.cxf.jaxrs.client.WebClient.doInvoke(WebClient.java:865) [cxf-rt-rs-client-3.0.7.jar:3.0.7]
	at org.apache.cxf.jaxrs.client.WebClient.invoke(WebClient.java:428) [cxf-rt-rs-client-3.0.7.jar:3.0.7]
	at org.apache.cxf.jaxrs.client.WebClient.get(WebClient.java:611) [cxf-rt-rs-client-3.0.7.jar:3.0.7]
	at com.icfcc.ws.services.CompanyUserWsClientServices.main(CompanyUserWsClientServices.java:43) [classes/:na]
Caused by: java.net.ConnectException: ConnectException invoking http://localhost:8180/SRRPWS/cxf/RESTful/get?JsonStr=Wrm/G%2BAQis7593zG0Z7I78%2B/1VKxczshefdCrI4KhVjep5AzsxpIkrMt9sXGh7tVxIeWsZJv7af4jSQDJu70ihD7ehoy8SxO7Zczkv/XkCMkL5HsyKkJBUEK4U7a9XBt3h7Wh6U3ltJs3BjV5gXgviTqv%2ByTylS1LbDb5%2Bj1k1FjyW6e9BDrF3laoSKuvAuWbonij86uuUXaTbnsEszn96SzdFmwiDPkqEHeQCUTzuaq/K5VO8uKNlmDwGJkh9ul%2BStFNmWa1cZiZoXh2XUgGx8ei%2BA72f92KKWOOW/d4SpjPU0/AMd98M1sj5AZ2vsoLkySxH1RqPTRmdLMF2bq1w%3D%3D: Connection refused: connect
	at sun.reflect.NativeConstructorAccessorImpl.newInstance0(Native Method) ~[na:1.8.0_91]
	at sun.reflect.NativeConstructorAccessorImpl.newInstance(NativeConstructorAccessorImpl.java:62) ~[na:1.8.0_91]
	at sun.reflect.DelegatingConstructorAccessorImpl.newInstance(DelegatingConstructorAccessorImpl.java:45) ~[na:1.8.0_91]
	at java.lang.reflect.Constructor.newInstance(Constructor.java:423) ~[na:1.8.0_91]
	at org.apache.cxf.transport.http.HTTPConduit$WrappedOutputStream.mapException(HTTPConduit.java:1376) ~[cxf-rt-transports-http-3.0.7.jar:3.0.7]
	at org.apache.cxf.transport.http.HTTPConduit$WrappedOutputStream.close(HTTPConduit.java:1360) ~[cxf-rt-transports-http-3.0.7.jar:3.0.7]
	at org.apache.cxf.transport.AbstractConduit.close(AbstractConduit.java:56) ~[cxf-core-3.0.7.jar:3.0.7]
	at org.apache.cxf.transport.http.HTTPConduit.close(HTTPConduit.java:651) ~[cxf-rt-transports-http-3.0.7.jar:3.0.7]
	at org.apache.cxf.interceptor.MessageSenderInterceptor$MessageSenderEndingInterceptor.handleMessage(MessageSenderInterceptor.java:62) ~[cxf-core-3.0.7.jar:3.0.7]
	... 8 common frames omitted
Caused by: java.net.ConnectException: Connection refused: connect
	at java.net.DualStackPlainSocketImpl.waitForConnect(Native Method) ~[na:1.8.0_91]
	at java.net.DualStackPlainSocketImpl.socketConnect(DualStackPlainSocketImpl.java:85) ~[na:1.8.0_91]
	at java.net.AbstractPlainSocketImpl.doConnect(AbstractPlainSocketImpl.java:350) ~[na:1.8.0_91]
	at java.net.AbstractPlainSocketImpl.connectToAddress(AbstractPlainSocketImpl.java:206) ~[na:1.8.0_91]
	at java.net.AbstractPlainSocketImpl.connect(AbstractPlainSocketImpl.java:188) ~[na:1.8.0_91]
	at java.net.PlainSocketImpl.connect(PlainSocketImpl.java:172) ~[na:1.8.0_91]
	at java.net.SocksSocketImpl.connect(SocksSocketImpl.java:392) ~[na:1.8.0_91]
	at java.net.Socket.connect(Socket.java:589) ~[na:1.8.0_91]
	at sun.net.NetworkClient.doConnect(NetworkClient.java:175) ~[na:1.8.0_91]
	at sun.net.www.http.HttpClient.openServer(HttpClient.java:432) ~[na:1.8.0_91]
	at sun.net.www.http.HttpClient.openServer(HttpClient.java:527) ~[na:1.8.0_91]
	at sun.net.www.http.HttpClient.<init>(HttpClient.java:211) ~[na:1.8.0_91]
	at sun.net.www.http.HttpClient.New(HttpClient.java:308) ~[na:1.8.0_91]
	at sun.net.www.http.HttpClient.New(HttpClient.java:326) ~[na:1.8.0_91]
	at sun.net.www.protocol.http.HttpURLConnection.getNewHttpClient(HttpURLConnection.java:1169) ~[na:1.8.0_91]
	at sun.net.www.protocol.http.HttpURLConnection.plainConnect0(HttpURLConnection.java:1148) ~[na:1.8.0_91]
	at sun.net.www.protocol.http.HttpURLConnection.plainConnect(HttpURLConnection.java:999) ~[na:1.8.0_91]
	at sun.net.www.protocol.http.HttpURLConnection.connect(HttpURLConnection.java:933) ~[na:1.8.0_91]
	at sun.net.www.protocol.http.HttpURLConnection.getInputStream0(HttpURLConnection.java:1513) ~[na:1.8.0_91]
	at sun.net.www.protocol.http.HttpURLConnection.getInputStream(HttpURLConnection.java:1441) ~[na:1.8.0_91]
	at java.net.HttpURLConnection.getResponseCode(HttpURLConnection.java:480) ~[na:1.8.0_91]
	at org.apache.cxf.transport.http.URLConnectionHTTPConduit$URLConnectionWrappedOutputStream.getResponseCode(URLConnectionHTTPConduit.java:332) ~[cxf-rt-transports-http-3.0.7.jar:3.0.7]
	at org.apache.cxf.transport.http.HTTPConduit$WrappedOutputStream.doProcessResponseCode(HTTPConduit.java:1580) ~[cxf-rt-transports-http-3.0.7.jar:3.0.7]
	at org.apache.cxf.transport.http.HTTPConduit$WrappedOutputStream.handleResponseInternal(HTTPConduit.java:1609) ~[cxf-rt-transports-http-3.0.7.jar:3.0.7]
	at org.apache.cxf.transport.http.HTTPConduit$WrappedOutputStream.handleResponse(HTTPConduit.java:1550) ~[cxf-rt-transports-http-3.0.7.jar:3.0.7]
	at org.apache.cxf.transport.http.HTTPConduit$WrappedOutputStream.close(HTTPConduit.java:1347) ~[cxf-rt-transports-http-3.0.7.jar:3.0.7]
	... 11 common frames omitted
14:02:00.553 [main] WARN  o.a.cxf.phase.PhaseInterceptorChain - Interceptor for {http://localhost:8080/SRRPWS/cxf/RESTful}WebClient has thrown exception, unwinding now
org.apache.cxf.interceptor.Fault: Could not send Message.
	at org.apache.cxf.interceptor.MessageSenderInterceptor$MessageSenderEndingInterceptor.handleMessage(MessageSenderInterceptor.java:64) ~[cxf-core-3.0.7.jar:3.0.7]
	at org.apache.cxf.phase.PhaseInterceptorChain.doIntercept(PhaseInterceptorChain.java:307) ~[cxf-core-3.0.7.jar:3.0.7]
	at org.apache.cxf.jaxrs.client.AbstractClient.doRunInterceptorChain(AbstractClient.java:649) [cxf-rt-rs-client-3.0.7.jar:3.0.7]
	at org.apache.cxf.jaxrs.client.WebClient.doChainedInvocation(WebClient.java:1093) [cxf-rt-rs-client-3.0.7.jar:3.0.7]
	at org.apache.cxf.jaxrs.client.WebClient.doInvoke(WebClient.java:894) [cxf-rt-rs-client-3.0.7.jar:3.0.7]
	at org.apache.cxf.jaxrs.client.WebClient.doInvoke(WebClient.java:865) [cxf-rt-rs-client-3.0.7.jar:3.0.7]
	at org.apache.cxf.jaxrs.client.WebClient.invoke(WebClient.java:428) [cxf-rt-rs-client-3.0.7.jar:3.0.7]
	at org.apache.cxf.jaxrs.client.WebClient.get(WebClient.java:611) [cxf-rt-rs-client-3.0.7.jar:3.0.7]
	at com.icfcc.ws.services.CompanyUserWsClientServices.main(CompanyUserWsClientServices.java:43) [classes/:na]
Caused by: java.net.SocketTimeoutException: SocketTimeoutException invoking http://localhost:8080/SRRPWS/cxf/RESTful/get?JsonStr=Wrm/G%2BAQis7593zG0Z7I78%2B/1VKxczshefdCrI4KhVjep5AzsxpIkrMt9sXGh7tVxIeWsZJv7af4jSQDJu70ihD7ehoy8SxO7Zczkv/XkCMkL5HsyKkJBUEK4U7a9XBt3h7Wh6U3ltJs3BjV5gXgviTqv%2ByTylS1LbDb5%2Bj1k1FjyW6e9BDrF3laoSKuvAuWbonij86uuUXaTbnsEszn96SzdFmwiDPkqEHeQCUTzuaq/K5VO8uKNlmDwGJkh9ul%2BStFNmWa1cZiZoXh2XUgGx8ei%2BA72f92KKWOOW/d4SpjPU0/AMd98M1sj5AZ2vsoLkySxH1RqPTRmdLMF2bq1w%3D%3D: Read timed out
	at sun.reflect.NativeConstructorAccessorImpl.newInstance0(Native Method) ~[na:1.8.0_91]
	at sun.reflect.NativeConstructorAccessorImpl.newInstance(NativeConstructorAccessorImpl.java:62) ~[na:1.8.0_91]
	at sun.reflect.DelegatingConstructorAccessorImpl.newInstance(DelegatingConstructorAccessorImpl.java:45) ~[na:1.8.0_91]
	at java.lang.reflect.Constructor.newInstance(Constructor.java:423) ~[na:1.8.0_91]
	at org.apache.cxf.transport.http.HTTPConduit$WrappedOutputStream.mapException(HTTPConduit.java:1376) ~[cxf-rt-transports-http-3.0.7.jar:3.0.7]
	at org.apache.cxf.transport.http.HTTPConduit$WrappedOutputStream.close(HTTPConduit.java:1360) ~[cxf-rt-transports-http-3.0.7.jar:3.0.7]
	at org.apache.cxf.transport.AbstractConduit.close(AbstractConduit.java:56) ~[cxf-core-3.0.7.jar:3.0.7]
	at org.apache.cxf.transport.http.HTTPConduit.close(HTTPConduit.java:651) ~[cxf-rt-transports-http-3.0.7.jar:3.0.7]
	at org.apache.cxf.interceptor.MessageSenderInterceptor$MessageSenderEndingInterceptor.handleMessage(MessageSenderInterceptor.java:62) ~[cxf-core-3.0.7.jar:3.0.7]
	... 8 common frames omitted
Caused by: java.net.SocketTimeoutException: Read timed out
	at java.net.SocketInputStream.socketRead0(Native Method) ~[na:1.8.0_91]
	at java.net.SocketInputStream.socketRead(SocketInputStream.java:116) ~[na:1.8.0_91]
	at java.net.SocketInputStream.read(SocketInputStream.java:170) ~[na:1.8.0_91]
	at java.net.SocketInputStream.read(SocketInputStream.java:141) ~[na:1.8.0_91]
	at java.io.BufferedInputStream.fill(BufferedInputStream.java:246) ~[na:1.8.0_91]
	at java.io.BufferedInputStream.read1(BufferedInputStream.java:286) ~[na:1.8.0_91]
	at java.io.BufferedInputStream.read(BufferedInputStream.java:345) ~[na:1.8.0_91]
	at sun.net.www.http.HttpClient.parseHTTPHeader(HttpClient.java:704) ~[na:1.8.0_91]
	at sun.net.www.http.HttpClient.parseHTTP(HttpClient.java:647) ~[na:1.8.0_91]
	at sun.net.www.protocol.http.HttpURLConnection.getInputStream0(HttpURLConnection.java:1536) ~[na:1.8.0_91]
	at sun.net.www.protocol.http.HttpURLConnection.getInputStream(HttpURLConnection.java:1441) ~[na:1.8.0_91]
	at java.net.HttpURLConnection.getResponseCode(HttpURLConnection.java:480) ~[na:1.8.0_91]
	at org.apache.cxf.transport.http.URLConnectionHTTPConduit$URLConnectionWrappedOutputStream.getResponseCode(URLConnectionHTTPConduit.java:332) ~[cxf-rt-transports-http-3.0.7.jar:3.0.7]
	at org.apache.cxf.transport.http.HTTPConduit$WrappedOutputStream.doProcessResponseCode(HTTPConduit.java:1580) ~[cxf-rt-transports-http-3.0.7.jar:3.0.7]
	at org.apache.cxf.transport.http.HTTPConduit$WrappedOutputStream.handleResponseInternal(HTTPConduit.java:1609) ~[cxf-rt-transports-http-3.0.7.jar:3.0.7]
	at org.apache.cxf.transport.http.HTTPConduit$WrappedOutputStream.handleResponse(HTTPConduit.java:1550) ~[cxf-rt-transports-http-3.0.7.jar:3.0.7]
	at org.apache.cxf.transport.http.HTTPConduit$WrappedOutputStream.close(HTTPConduit.java:1347) ~[cxf-rt-transports-http-3.0.7.jar:3.0.7]
	... 11 common frames omitted
14:03:39.126 [main] WARN  o.a.cxf.phase.PhaseInterceptorChain - Interceptor for {http://localhost:8080/SRRPWS/cxf/RESTful}WebClient has thrown exception, unwinding now
org.apache.cxf.interceptor.Fault: Could not send Message.
	at org.apache.cxf.interceptor.MessageSenderInterceptor$MessageSenderEndingInterceptor.handleMessage(MessageSenderInterceptor.java:64) ~[cxf-core-3.0.7.jar:3.0.7]
	at org.apache.cxf.phase.PhaseInterceptorChain.doIntercept(PhaseInterceptorChain.java:307) ~[cxf-core-3.0.7.jar:3.0.7]
	at org.apache.cxf.jaxrs.client.AbstractClient.doRunInterceptorChain(AbstractClient.java:649) [cxf-rt-rs-client-3.0.7.jar:3.0.7]
	at org.apache.cxf.jaxrs.client.WebClient.doChainedInvocation(WebClient.java:1093) [cxf-rt-rs-client-3.0.7.jar:3.0.7]
	at org.apache.cxf.jaxrs.client.WebClient.doInvoke(WebClient.java:894) [cxf-rt-rs-client-3.0.7.jar:3.0.7]
	at org.apache.cxf.jaxrs.client.WebClient.doInvoke(WebClient.java:865) [cxf-rt-rs-client-3.0.7.jar:3.0.7]
	at org.apache.cxf.jaxrs.client.WebClient.invoke(WebClient.java:428) [cxf-rt-rs-client-3.0.7.jar:3.0.7]
	at org.apache.cxf.jaxrs.client.WebClient.get(WebClient.java:611) [cxf-rt-rs-client-3.0.7.jar:3.0.7]
	at com.icfcc.ws.services.CompanyUserWsClientServices.main(CompanyUserWsClientServices.java:43) [classes/:na]
Caused by: java.net.SocketTimeoutException: SocketTimeoutException invoking http://localhost:8080/SRRPWS/cxf/RESTful/get?JsonStr=Wrm/G%2BAQis7593zG0Z7I78%2B/1VKxczshefdCrI4KhVjep5AzsxpIkrMt9sXGh7tVxIeWsZJv7af4jSQDJu70ihD7ehoy8SxO7Zczkv/XkCMkL5HsyKkJBUEK4U7a9XBt3h7Wh6U3ltJs3BjV5gXgviTqv%2ByTylS1LbDb5%2Bj1k1FjyW6e9BDrF3laoSKuvAuWbonij86uuUXaTbnsEszn96SzdFmwiDPkqEHeQCUTzuaq/K5VO8uKNlmDwGJkh9ul%2BStFNmWa1cZiZoXh2XUgGx8ei%2BA72f92KKWOOW/d4SpjPU0/AMd98M1sj5AZ2vsoLkySxH1RqPTRmdLMF2bq1w%3D%3D: Read timed out
	at sun.reflect.NativeConstructorAccessorImpl.newInstance0(Native Method) ~[na:1.8.0_91]
	at sun.reflect.NativeConstructorAccessorImpl.newInstance(NativeConstructorAccessorImpl.java:62) ~[na:1.8.0_91]
	at sun.reflect.DelegatingConstructorAccessorImpl.newInstance(DelegatingConstructorAccessorImpl.java:45) ~[na:1.8.0_91]
	at java.lang.reflect.Constructor.newInstance(Constructor.java:423) ~[na:1.8.0_91]
	at org.apache.cxf.transport.http.HTTPConduit$WrappedOutputStream.mapException(HTTPConduit.java:1376) ~[cxf-rt-transports-http-3.0.7.jar:3.0.7]
	at org.apache.cxf.transport.http.HTTPConduit$WrappedOutputStream.close(HTTPConduit.java:1360) ~[cxf-rt-transports-http-3.0.7.jar:3.0.7]
	at org.apache.cxf.transport.AbstractConduit.close(AbstractConduit.java:56) ~[cxf-core-3.0.7.jar:3.0.7]
	at org.apache.cxf.transport.http.HTTPConduit.close(HTTPConduit.java:651) ~[cxf-rt-transports-http-3.0.7.jar:3.0.7]
	at org.apache.cxf.interceptor.MessageSenderInterceptor$MessageSenderEndingInterceptor.handleMessage(MessageSenderInterceptor.java:62) ~[cxf-core-3.0.7.jar:3.0.7]
	... 8 common frames omitted
Caused by: java.net.SocketTimeoutException: Read timed out
	at java.net.SocketInputStream.socketRead0(Native Method) ~[na:1.8.0_91]
	at java.net.SocketInputStream.socketRead(SocketInputStream.java:116) ~[na:1.8.0_91]
	at java.net.SocketInputStream.read(SocketInputStream.java:170) ~[na:1.8.0_91]
	at java.net.SocketInputStream.read(SocketInputStream.java:141) ~[na:1.8.0_91]
	at java.io.BufferedInputStream.fill(BufferedInputStream.java:246) ~[na:1.8.0_91]
	at java.io.BufferedInputStream.read1(BufferedInputStream.java:286) ~[na:1.8.0_91]
	at java.io.BufferedInputStream.read(BufferedInputStream.java:345) ~[na:1.8.0_91]
	at sun.net.www.http.HttpClient.parseHTTPHeader(HttpClient.java:704) ~[na:1.8.0_91]
	at sun.net.www.http.HttpClient.parseHTTP(HttpClient.java:647) ~[na:1.8.0_91]
	at sun.net.www.protocol.http.HttpURLConnection.getInputStream0(HttpURLConnection.java:1536) ~[na:1.8.0_91]
	at sun.net.www.protocol.http.HttpURLConnection.getInputStream(HttpURLConnection.java:1441) ~[na:1.8.0_91]
	at java.net.HttpURLConnection.getResponseCode(HttpURLConnection.java:480) ~[na:1.8.0_91]
	at org.apache.cxf.transport.http.URLConnectionHTTPConduit$URLConnectionWrappedOutputStream.getResponseCode(URLConnectionHTTPConduit.java:332) ~[cxf-rt-transports-http-3.0.7.jar:3.0.7]
	at org.apache.cxf.transport.http.HTTPConduit$WrappedOutputStream.doProcessResponseCode(HTTPConduit.java:1580) ~[cxf-rt-transports-http-3.0.7.jar:3.0.7]
	at org.apache.cxf.transport.http.HTTPConduit$WrappedOutputStream.handleResponseInternal(HTTPConduit.java:1609) ~[cxf-rt-transports-http-3.0.7.jar:3.0.7]
	at org.apache.cxf.transport.http.HTTPConduit$WrappedOutputStream.handleResponse(HTTPConduit.java:1550) ~[cxf-rt-transports-http-3.0.7.jar:3.0.7]
	at org.apache.cxf.transport.http.HTTPConduit$WrappedOutputStream.close(HTTPConduit.java:1347) ~[cxf-rt-transports-http-3.0.7.jar:3.0.7]
	... 11 common frames omitted
14:07:59.276 [main] WARN  o.a.cxf.phase.PhaseInterceptorChain - Interceptor for {http://localhost:8080/SRRPWS/cxf/RESTful}WebClient has thrown exception, unwinding now
org.apache.cxf.interceptor.Fault: Could not send Message.
	at org.apache.cxf.interceptor.MessageSenderInterceptor$MessageSenderEndingInterceptor.handleMessage(MessageSenderInterceptor.java:64) ~[cxf-core-3.0.7.jar:3.0.7]
	at org.apache.cxf.phase.PhaseInterceptorChain.doIntercept(PhaseInterceptorChain.java:307) ~[cxf-core-3.0.7.jar:3.0.7]
	at org.apache.cxf.jaxrs.client.AbstractClient.doRunInterceptorChain(AbstractClient.java:649) [cxf-rt-rs-client-3.0.7.jar:3.0.7]
	at org.apache.cxf.jaxrs.client.WebClient.doChainedInvocation(WebClient.java:1093) [cxf-rt-rs-client-3.0.7.jar:3.0.7]
	at org.apache.cxf.jaxrs.client.WebClient.doInvoke(WebClient.java:894) [cxf-rt-rs-client-3.0.7.jar:3.0.7]
	at org.apache.cxf.jaxrs.client.WebClient.doInvoke(WebClient.java:865) [cxf-rt-rs-client-3.0.7.jar:3.0.7]
	at org.apache.cxf.jaxrs.client.WebClient.invoke(WebClient.java:428) [cxf-rt-rs-client-3.0.7.jar:3.0.7]
	at org.apache.cxf.jaxrs.client.WebClient.get(WebClient.java:611) [cxf-rt-rs-client-3.0.7.jar:3.0.7]
	at com.icfcc.ws.services.CompanyUserWsClientServices.main(CompanyUserWsClientServices.java:43) [classes/:na]
Caused by: java.net.SocketTimeoutException: SocketTimeoutException invoking http://localhost:8080/SRRPWS/cxf/RESTful/get?JsonStr=Wrm/G%2BAQis7593zG0Z7I78%2B/1VKxczshefdCrI4KhVjep5AzsxpIkrMt9sXGh7tVxIeWsZJv7af4jSQDJu70ihD7ehoy8SxO7Zczkv/XkCMkL5HsyKkJBUEK4U7a9XBt3h7Wh6U3ltJs3BjV5gXgviTqv%2ByTylS1LbDb5%2Bj1k1FjyW6e9BDrF3laoSKuvAuWbonij86uuUXaTbnsEszn96SzdFmwiDPkqEHeQCUTzuaq/K5VO8uKNlmDwGJkh9ul%2BStFNmWa1cZiZoXh2XUgGx8ei%2BA72f92KKWOOW/d4SpjPU0/AMd98M1sj5AZ2vsoLkySxH1RqPTRmdLMF2bq1w%3D%3D: Read timed out
	at sun.reflect.NativeConstructorAccessorImpl.newInstance0(Native Method) ~[na:1.8.0_91]
	at sun.reflect.NativeConstructorAccessorImpl.newInstance(NativeConstructorAccessorImpl.java:62) ~[na:1.8.0_91]
	at sun.reflect.DelegatingConstructorAccessorImpl.newInstance(DelegatingConstructorAccessorImpl.java:45) ~[na:1.8.0_91]
	at java.lang.reflect.Constructor.newInstance(Constructor.java:423) ~[na:1.8.0_91]
	at org.apache.cxf.transport.http.HTTPConduit$WrappedOutputStream.mapException(HTTPConduit.java:1376) ~[cxf-rt-transports-http-3.0.7.jar:3.0.7]
	at org.apache.cxf.transport.http.HTTPConduit$WrappedOutputStream.close(HTTPConduit.java:1360) ~[cxf-rt-transports-http-3.0.7.jar:3.0.7]
	at org.apache.cxf.transport.AbstractConduit.close(AbstractConduit.java:56) ~[cxf-core-3.0.7.jar:3.0.7]
	at org.apache.cxf.transport.http.HTTPConduit.close(HTTPConduit.java:651) ~[cxf-rt-transports-http-3.0.7.jar:3.0.7]
	at org.apache.cxf.interceptor.MessageSenderInterceptor$MessageSenderEndingInterceptor.handleMessage(MessageSenderInterceptor.java:62) ~[cxf-core-3.0.7.jar:3.0.7]
	... 8 common frames omitted
Caused by: java.net.SocketTimeoutException: Read timed out
	at java.net.SocketInputStream.socketRead0(Native Method) ~[na:1.8.0_91]
	at java.net.SocketInputStream.socketRead(SocketInputStream.java:116) ~[na:1.8.0_91]
	at java.net.SocketInputStream.read(SocketInputStream.java:170) ~[na:1.8.0_91]
	at java.net.SocketInputStream.read(SocketInputStream.java:141) ~[na:1.8.0_91]
	at java.io.BufferedInputStream.fill(BufferedInputStream.java:246) ~[na:1.8.0_91]
	at java.io.BufferedInputStream.read1(BufferedInputStream.java:286) ~[na:1.8.0_91]
	at java.io.BufferedInputStream.read(BufferedInputStream.java:345) ~[na:1.8.0_91]
	at sun.net.www.http.HttpClient.parseHTTPHeader(HttpClient.java:704) ~[na:1.8.0_91]
	at sun.net.www.http.HttpClient.parseHTTP(HttpClient.java:647) ~[na:1.8.0_91]
	at sun.net.www.protocol.http.HttpURLConnection.getInputStream0(HttpURLConnection.java:1536) ~[na:1.8.0_91]
	at sun.net.www.protocol.http.HttpURLConnection.getInputStream(HttpURLConnection.java:1441) ~[na:1.8.0_91]
	at java.net.HttpURLConnection.getResponseCode(HttpURLConnection.java:480) ~[na:1.8.0_91]
	at org.apache.cxf.transport.http.URLConnectionHTTPConduit$URLConnectionWrappedOutputStream.getResponseCode(URLConnectionHTTPConduit.java:332) ~[cxf-rt-transports-http-3.0.7.jar:3.0.7]
	at org.apache.cxf.transport.http.HTTPConduit$WrappedOutputStream.doProcessResponseCode(HTTPConduit.java:1580) ~[cxf-rt-transports-http-3.0.7.jar:3.0.7]
	at org.apache.cxf.transport.http.HTTPConduit$WrappedOutputStream.handleResponseInternal(HTTPConduit.java:1609) ~[cxf-rt-transports-http-3.0.7.jar:3.0.7]
	at org.apache.cxf.transport.http.HTTPConduit$WrappedOutputStream.handleResponse(HTTPConduit.java:1550) ~[cxf-rt-transports-http-3.0.7.jar:3.0.7]
	at org.apache.cxf.transport.http.HTTPConduit$WrappedOutputStream.close(HTTPConduit.java:1347) ~[cxf-rt-transports-http-3.0.7.jar:3.0.7]
	... 11 common frames omitted
14:14:25.754 [main] WARN  o.a.cxf.phase.PhaseInterceptorChain - Interceptor for {http://localhost:8080/SRRPWS/cxf/RESTful}WebClient has thrown exception, unwinding now
org.apache.cxf.interceptor.Fault: Could not send Message.
	at org.apache.cxf.interceptor.MessageSenderInterceptor$MessageSenderEndingInterceptor.handleMessage(MessageSenderInterceptor.java:64) ~[cxf-core-3.0.7.jar:3.0.7]
	at org.apache.cxf.phase.PhaseInterceptorChain.doIntercept(PhaseInterceptorChain.java:307) ~[cxf-core-3.0.7.jar:3.0.7]
	at org.apache.cxf.jaxrs.client.AbstractClient.doRunInterceptorChain(AbstractClient.java:649) [cxf-rt-rs-client-3.0.7.jar:3.0.7]
	at org.apache.cxf.jaxrs.client.WebClient.doChainedInvocation(WebClient.java:1093) [cxf-rt-rs-client-3.0.7.jar:3.0.7]
	at org.apache.cxf.jaxrs.client.WebClient.doInvoke(WebClient.java:894) [cxf-rt-rs-client-3.0.7.jar:3.0.7]
	at org.apache.cxf.jaxrs.client.WebClient.doInvoke(WebClient.java:865) [cxf-rt-rs-client-3.0.7.jar:3.0.7]
	at org.apache.cxf.jaxrs.client.WebClient.invoke(WebClient.java:428) [cxf-rt-rs-client-3.0.7.jar:3.0.7]
	at org.apache.cxf.jaxrs.client.WebClient.get(WebClient.java:611) [cxf-rt-rs-client-3.0.7.jar:3.0.7]
	at com.icfcc.ws.services.CompanyUserWsClientServices.main(CompanyUserWsClientServices.java:43) [classes/:na]
Caused by: java.net.SocketTimeoutException: SocketTimeoutException invoking http://localhost:8080/SRRPWS/cxf/RESTful/get?JsonStr=Wrm/G%2BAQis7593zG0Z7I78%2B/1VKxczshefdCrI4KhVjep5AzsxpIkrMt9sXGh7tVxIeWsZJv7af4jSQDJu70ihD7ehoy8SxO7Zczkv/XkCMkL5HsyKkJBUEK4U7a9XBt3h7Wh6U3ltJs3BjV5gXgviTqv%2ByTylS1LbDb5%2Bj1k1FjyW6e9BDrF3laoSKuvAuWbonij86uuUXaTbnsEszn96SzdFmwiDPkqEHeQCUTzuaq/K5VO8uKNlmDwGJkh9ul%2BStFNmWa1cZiZoXh2XUgGx8ei%2BA72f92KKWOOW/d4SpjPU0/AMd98M1sj5AZ2vsoLkySxH1RqPTRmdLMF2bq1w%3D%3D: Read timed out
	at sun.reflect.NativeConstructorAccessorImpl.newInstance0(Native Method) ~[na:1.8.0_91]
	at sun.reflect.NativeConstructorAccessorImpl.newInstance(NativeConstructorAccessorImpl.java:62) ~[na:1.8.0_91]
	at sun.reflect.DelegatingConstructorAccessorImpl.newInstance(DelegatingConstructorAccessorImpl.java:45) ~[na:1.8.0_91]
	at java.lang.reflect.Constructor.newInstance(Constructor.java:423) ~[na:1.8.0_91]
	at org.apache.cxf.transport.http.HTTPConduit$WrappedOutputStream.mapException(HTTPConduit.java:1376) ~[cxf-rt-transports-http-3.0.7.jar:3.0.7]
	at org.apache.cxf.transport.http.HTTPConduit$WrappedOutputStream.close(HTTPConduit.java:1360) ~[cxf-rt-transports-http-3.0.7.jar:3.0.7]
	at org.apache.cxf.transport.AbstractConduit.close(AbstractConduit.java:56) ~[cxf-core-3.0.7.jar:3.0.7]
	at org.apache.cxf.transport.http.HTTPConduit.close(HTTPConduit.java:651) ~[cxf-rt-transports-http-3.0.7.jar:3.0.7]
	at org.apache.cxf.interceptor.MessageSenderInterceptor$MessageSenderEndingInterceptor.handleMessage(MessageSenderInterceptor.java:62) ~[cxf-core-3.0.7.jar:3.0.7]
	... 8 common frames omitted
Caused by: java.net.SocketTimeoutException: Read timed out
	at java.net.SocketInputStream.socketRead0(Native Method) ~[na:1.8.0_91]
	at java.net.SocketInputStream.socketRead(SocketInputStream.java:116) ~[na:1.8.0_91]
	at java.net.SocketInputStream.read(SocketInputStream.java:170) ~[na:1.8.0_91]
	at java.net.SocketInputStream.read(SocketInputStream.java:141) ~[na:1.8.0_91]
	at java.io.BufferedInputStream.fill(BufferedInputStream.java:246) ~[na:1.8.0_91]
	at java.io.BufferedInputStream.read1(BufferedInputStream.java:286) ~[na:1.8.0_91]
	at java.io.BufferedInputStream.read(BufferedInputStream.java:345) ~[na:1.8.0_91]
	at sun.net.www.http.HttpClient.parseHTTPHeader(HttpClient.java:704) ~[na:1.8.0_91]
	at sun.net.www.http.HttpClient.parseHTTP(HttpClient.java:647) ~[na:1.8.0_91]
	at sun.net.www.protocol.http.HttpURLConnection.getInputStream0(HttpURLConnection.java:1536) ~[na:1.8.0_91]
	at sun.net.www.protocol.http.HttpURLConnection.getInputStream(HttpURLConnection.java:1441) ~[na:1.8.0_91]
	at java.net.HttpURLConnection.getResponseCode(HttpURLConnection.java:480) ~[na:1.8.0_91]
	at org.apache.cxf.transport.http.URLConnectionHTTPConduit$URLConnectionWrappedOutputStream.getResponseCode(URLConnectionHTTPConduit.java:332) ~[cxf-rt-transports-http-3.0.7.jar:3.0.7]
	at org.apache.cxf.transport.http.HTTPConduit$WrappedOutputStream.doProcessResponseCode(HTTPConduit.java:1580) ~[cxf-rt-transports-http-3.0.7.jar:3.0.7]
	at org.apache.cxf.transport.http.HTTPConduit$WrappedOutputStream.handleResponseInternal(HTTPConduit.java:1609) ~[cxf-rt-transports-http-3.0.7.jar:3.0.7]
	at org.apache.cxf.transport.http.HTTPConduit$WrappedOutputStream.handleResponse(HTTPConduit.java:1550) ~[cxf-rt-transports-http-3.0.7.jar:3.0.7]
	at org.apache.cxf.transport.http.HTTPConduit$WrappedOutputStream.close(HTTPConduit.java:1347) ~[cxf-rt-transports-http-3.0.7.jar:3.0.7]
	... 11 common frames omitted
14:58:36.318 [main] WARN  o.a.cxf.phase.PhaseInterceptorChain - Interceptor for {http://localhost:8080/SRRPWS/cxf/RESTful}WebClient has thrown exception, unwinding now
org.apache.cxf.interceptor.Fault: Could not send Message.
	at org.apache.cxf.interceptor.MessageSenderInterceptor$MessageSenderEndingInterceptor.handleMessage(MessageSenderInterceptor.java:64) ~[cxf-core-3.0.7.jar:3.0.7]
	at org.apache.cxf.phase.PhaseInterceptorChain.doIntercept(PhaseInterceptorChain.java:307) ~[cxf-core-3.0.7.jar:3.0.7]
	at org.apache.cxf.jaxrs.client.AbstractClient.doRunInterceptorChain(AbstractClient.java:649) [cxf-rt-rs-client-3.0.7.jar:3.0.7]
	at org.apache.cxf.jaxrs.client.WebClient.doChainedInvocation(WebClient.java:1093) [cxf-rt-rs-client-3.0.7.jar:3.0.7]
	at org.apache.cxf.jaxrs.client.WebClient.doInvoke(WebClient.java:894) [cxf-rt-rs-client-3.0.7.jar:3.0.7]
	at org.apache.cxf.jaxrs.client.WebClient.doInvoke(WebClient.java:865) [cxf-rt-rs-client-3.0.7.jar:3.0.7]
	at org.apache.cxf.jaxrs.client.WebClient.invoke(WebClient.java:428) [cxf-rt-rs-client-3.0.7.jar:3.0.7]
	at org.apache.cxf.jaxrs.client.WebClient.get(WebClient.java:611) [cxf-rt-rs-client-3.0.7.jar:3.0.7]
	at com.icfcc.ws.services.CompanyUserWsClientServices.main(CompanyUserWsClientServices.java:43) [classes/:na]
Caused by: java.net.SocketTimeoutException: SocketTimeoutException invoking http://localhost:8080/SRRPWS/cxf/RESTful/getCompanyInfo?companyInfoJsonStr=Wrm/G%2BAQis7593zG0Z7I78%2B/1VKxczshefdCrI4KhVjep5AzsxpIkrMt9sXGh7tVxIeWsZJv7af4jSQDJu70ihD7ehoy8SxO7Zczkv/XkCMkL5HsyKkJBUEK4U7a9XBt3h7Wh6U3ltJs3BjV5gXgviTqv%2ByTylS1LbDb5%2Bj1k1FjyW6e9BDrF3laoSKuvAuWbonij86uuUXaTbnsEszn96SzdFmwiDPkqEHeQCUTzuaq/K5VO8uKNlmDwGJkh9ul%2BStFNmWa1cZiZoXh2XUgGx8ei%2BA72f92KKWOOW/d4SpjPU0/AMd98M1sj5AZ2vsoLkySxH1RqPTRmdLMF2bq1w%3D%3D: Read timed out
	at sun.reflect.NativeConstructorAccessorImpl.newInstance0(Native Method) ~[na:1.8.0_91]
	at sun.reflect.NativeConstructorAccessorImpl.newInstance(NativeConstructorAccessorImpl.java:62) ~[na:1.8.0_91]
	at sun.reflect.DelegatingConstructorAccessorImpl.newInstance(DelegatingConstructorAccessorImpl.java:45) ~[na:1.8.0_91]
	at java.lang.reflect.Constructor.newInstance(Constructor.java:423) ~[na:1.8.0_91]
	at org.apache.cxf.transport.http.HTTPConduit$WrappedOutputStream.mapException(HTTPConduit.java:1376) ~[cxf-rt-transports-http-3.0.7.jar:3.0.7]
	at org.apache.cxf.transport.http.HTTPConduit$WrappedOutputStream.close(HTTPConduit.java:1360) ~[cxf-rt-transports-http-3.0.7.jar:3.0.7]
	at org.apache.cxf.transport.AbstractConduit.close(AbstractConduit.java:56) ~[cxf-core-3.0.7.jar:3.0.7]
	at org.apache.cxf.transport.http.HTTPConduit.close(HTTPConduit.java:651) ~[cxf-rt-transports-http-3.0.7.jar:3.0.7]
	at org.apache.cxf.interceptor.MessageSenderInterceptor$MessageSenderEndingInterceptor.handleMessage(MessageSenderInterceptor.java:62) ~[cxf-core-3.0.7.jar:3.0.7]
	... 8 common frames omitted
Caused by: java.net.SocketTimeoutException: Read timed out
	at java.net.SocketInputStream.socketRead0(Native Method) ~[na:1.8.0_91]
	at java.net.SocketInputStream.socketRead(SocketInputStream.java:116) ~[na:1.8.0_91]
	at java.net.SocketInputStream.read(SocketInputStream.java:170) ~[na:1.8.0_91]
	at java.net.SocketInputStream.read(SocketInputStream.java:141) ~[na:1.8.0_91]
	at java.io.BufferedInputStream.fill(BufferedInputStream.java:246) ~[na:1.8.0_91]
	at java.io.BufferedInputStream.read1(BufferedInputStream.java:286) ~[na:1.8.0_91]
	at java.io.BufferedInputStream.read(BufferedInputStream.java:345) ~[na:1.8.0_91]
	at sun.net.www.http.HttpClient.parseHTTPHeader(HttpClient.java:704) ~[na:1.8.0_91]
	at sun.net.www.http.HttpClient.parseHTTP(HttpClient.java:647) ~[na:1.8.0_91]
	at sun.net.www.protocol.http.HttpURLConnection.getInputStream0(HttpURLConnection.java:1536) ~[na:1.8.0_91]
	at sun.net.www.protocol.http.HttpURLConnection.getInputStream(HttpURLConnection.java:1441) ~[na:1.8.0_91]
	at java.net.HttpURLConnection.getResponseCode(HttpURLConnection.java:480) ~[na:1.8.0_91]
	at org.apache.cxf.transport.http.URLConnectionHTTPConduit$URLConnectionWrappedOutputStream.getResponseCode(URLConnectionHTTPConduit.java:332) ~[cxf-rt-transports-http-3.0.7.jar:3.0.7]
	at org.apache.cxf.transport.http.HTTPConduit$WrappedOutputStream.doProcessResponseCode(HTTPConduit.java:1580) ~[cxf-rt-transports-http-3.0.7.jar:3.0.7]
	at org.apache.cxf.transport.http.HTTPConduit$WrappedOutputStream.handleResponseInternal(HTTPConduit.java:1609) ~[cxf-rt-transports-http-3.0.7.jar:3.0.7]
	at org.apache.cxf.transport.http.HTTPConduit$WrappedOutputStream.handleResponse(HTTPConduit.java:1550) ~[cxf-rt-transports-http-3.0.7.jar:3.0.7]
	at org.apache.cxf.transport.http.HTTPConduit$WrappedOutputStream.close(HTTPConduit.java:1347) ~[cxf-rt-transports-http-3.0.7.jar:3.0.7]
	... 11 common frames omitted
15:07:23.323 [main] WARN  o.a.cxf.phase.PhaseInterceptorChain - Interceptor for {http://localhost:8080/SRRPWS/cxf/RESTful}WebClient has thrown exception, unwinding now
org.apache.cxf.interceptor.Fault: Could not send Message.
	at org.apache.cxf.interceptor.MessageSenderInterceptor$MessageSenderEndingInterceptor.handleMessage(MessageSenderInterceptor.java:64) ~[cxf-core-3.0.7.jar:3.0.7]
	at org.apache.cxf.phase.PhaseInterceptorChain.doIntercept(PhaseInterceptorChain.java:307) ~[cxf-core-3.0.7.jar:3.0.7]
	at org.apache.cxf.jaxrs.client.AbstractClient.doRunInterceptorChain(AbstractClient.java:649) [cxf-rt-rs-client-3.0.7.jar:3.0.7]
	at org.apache.cxf.jaxrs.client.WebClient.doChainedInvocation(WebClient.java:1093) [cxf-rt-rs-client-3.0.7.jar:3.0.7]
	at org.apache.cxf.jaxrs.client.WebClient.doInvoke(WebClient.java:894) [cxf-rt-rs-client-3.0.7.jar:3.0.7]
	at org.apache.cxf.jaxrs.client.WebClient.doInvoke(WebClient.java:865) [cxf-rt-rs-client-3.0.7.jar:3.0.7]
	at org.apache.cxf.jaxrs.client.WebClient.invoke(WebClient.java:428) [cxf-rt-rs-client-3.0.7.jar:3.0.7]
	at org.apache.cxf.jaxrs.client.WebClient.get(WebClient.java:611) [cxf-rt-rs-client-3.0.7.jar:3.0.7]
	at com.icfcc.ws.services.CompanyUserWsClientServices.main(CompanyUserWsClientServices.java:43) [classes/:na]
Caused by: java.net.SocketTimeoutException: SocketTimeoutException invoking http://localhost:8080/SRRPWS/cxf/RESTful/getCompanyInfo?companyInfoJsonStr=Wrm/G%2BAQis7593zG0Z7I78%2B/1VKxczshefdCrI4KhVjep5AzsxpIkrMt9sXGh7tVxIeWsZJv7af4jSQDJu70ihD7ehoy8SxO7Zczkv/XkCMkL5HsyKkJBUEK4U7a9XBt3h7Wh6U3ltJs3BjV5gXgviTqv%2ByTylS1LbDb5%2Bj1k1FjyW6e9BDrF3laoSKuvAuWbonij86uuUXaTbnsEszn96SzdFmwiDPkqEHeQCUTzuaq/K5VO8uKNlmDwGJkh9ul%2BStFNmWa1cZiZoXh2XUgGx8ei%2BA72f92KKWOOW/d4SpjPU0/AMd98M1sj5AZ2vsoLkySxH1RqPTRmdLMF2bq1w%3D%3D: Read timed out
	at sun.reflect.NativeConstructorAccessorImpl.newInstance0(Native Method) ~[na:1.8.0_91]
	at sun.reflect.NativeConstructorAccessorImpl.newInstance(NativeConstructorAccessorImpl.java:62) ~[na:1.8.0_91]
	at sun.reflect.DelegatingConstructorAccessorImpl.newInstance(DelegatingConstructorAccessorImpl.java:45) ~[na:1.8.0_91]
	at java.lang.reflect.Constructor.newInstance(Constructor.java:423) ~[na:1.8.0_91]
	at org.apache.cxf.transport.http.HTTPConduit$WrappedOutputStream.mapException(HTTPConduit.java:1376) ~[cxf-rt-transports-http-3.0.7.jar:3.0.7]
	at org.apache.cxf.transport.http.HTTPConduit$WrappedOutputStream.close(HTTPConduit.java:1360) ~[cxf-rt-transports-http-3.0.7.jar:3.0.7]
	at org.apache.cxf.transport.AbstractConduit.close(AbstractConduit.java:56) ~[cxf-core-3.0.7.jar:3.0.7]
	at org.apache.cxf.transport.http.HTTPConduit.close(HTTPConduit.java:651) ~[cxf-rt-transports-http-3.0.7.jar:3.0.7]
	at org.apache.cxf.interceptor.MessageSenderInterceptor$MessageSenderEndingInterceptor.handleMessage(MessageSenderInterceptor.java:62) ~[cxf-core-3.0.7.jar:3.0.7]
	... 8 common frames omitted
Caused by: java.net.SocketTimeoutException: Read timed out
	at java.net.SocketInputStream.socketRead0(Native Method) ~[na:1.8.0_91]
	at java.net.SocketInputStream.socketRead(SocketInputStream.java:116) ~[na:1.8.0_91]
	at java.net.SocketInputStream.read(SocketInputStream.java:170) ~[na:1.8.0_91]
	at java.net.SocketInputStream.read(SocketInputStream.java:141) ~[na:1.8.0_91]
	at java.io.BufferedInputStream.fill(BufferedInputStream.java:246) ~[na:1.8.0_91]
	at java.io.BufferedInputStream.read1(BufferedInputStream.java:286) ~[na:1.8.0_91]
	at java.io.BufferedInputStream.read(BufferedInputStream.java:345) ~[na:1.8.0_91]
	at sun.net.www.http.HttpClient.parseHTTPHeader(HttpClient.java:704) ~[na:1.8.0_91]
	at sun.net.www.http.HttpClient.parseHTTP(HttpClient.java:647) ~[na:1.8.0_91]
	at sun.net.www.protocol.http.HttpURLConnection.getInputStream0(HttpURLConnection.java:1536) ~[na:1.8.0_91]
	at sun.net.www.protocol.http.HttpURLConnection.getInputStream(HttpURLConnection.java:1441) ~[na:1.8.0_91]
	at java.net.HttpURLConnection.getResponseCode(HttpURLConnection.java:480) ~[na:1.8.0_91]
	at org.apache.cxf.transport.http.URLConnectionHTTPConduit$URLConnectionWrappedOutputStream.getResponseCode(URLConnectionHTTPConduit.java:332) ~[cxf-rt-transports-http-3.0.7.jar:3.0.7]
	at org.apache.cxf.transport.http.HTTPConduit$WrappedOutputStream.doProcessResponseCode(HTTPConduit.java:1580) ~[cxf-rt-transports-http-3.0.7.jar:3.0.7]
	at org.apache.cxf.transport.http.HTTPConduit$WrappedOutputStream.handleResponseInternal(HTTPConduit.java:1609) ~[cxf-rt-transports-http-3.0.7.jar:3.0.7]
	at org.apache.cxf.transport.http.HTTPConduit$WrappedOutputStream.handleResponse(HTTPConduit.java:1550) ~[cxf-rt-transports-http-3.0.7.jar:3.0.7]
	at org.apache.cxf.transport.http.HTTPConduit$WrappedOutputStream.close(HTTPConduit.java:1347) ~[cxf-rt-transports-http-3.0.7.jar:3.0.7]
	... 11 common frames omitted
15:09:18.464 [main] WARN  o.a.cxf.phase.PhaseInterceptorChain - Interceptor for {http://localhost:8080/SRRPWS/cxf/RESTful}WebClient has thrown exception, unwinding now
org.apache.cxf.interceptor.Fault: Could not send Message.
	at org.apache.cxf.interceptor.MessageSenderInterceptor$MessageSenderEndingInterceptor.handleMessage(MessageSenderInterceptor.java:64) ~[cxf-core-3.0.7.jar:3.0.7]
	at org.apache.cxf.phase.PhaseInterceptorChain.doIntercept(PhaseInterceptorChain.java:307) ~[cxf-core-3.0.7.jar:3.0.7]
	at org.apache.cxf.jaxrs.client.AbstractClient.doRunInterceptorChain(AbstractClient.java:649) [cxf-rt-rs-client-3.0.7.jar:3.0.7]
	at org.apache.cxf.jaxrs.client.WebClient.doChainedInvocation(WebClient.java:1093) [cxf-rt-rs-client-3.0.7.jar:3.0.7]
	at org.apache.cxf.jaxrs.client.WebClient.doInvoke(WebClient.java:894) [cxf-rt-rs-client-3.0.7.jar:3.0.7]
	at org.apache.cxf.jaxrs.client.WebClient.doInvoke(WebClient.java:865) [cxf-rt-rs-client-3.0.7.jar:3.0.7]
	at org.apache.cxf.jaxrs.client.WebClient.invoke(WebClient.java:428) [cxf-rt-rs-client-3.0.7.jar:3.0.7]
	at org.apache.cxf.jaxrs.client.WebClient.get(WebClient.java:611) [cxf-rt-rs-client-3.0.7.jar:3.0.7]
	at com.icfcc.ws.services.CompanyUserWsClientServices.main(CompanyUserWsClientServices.java:43) [classes/:na]
Caused by: java.net.SocketTimeoutException: SocketTimeoutException invoking http://localhost:8080/SRRPWS/cxf/RESTful/getCompanyInfo?companyInfoJsonStr=Wrm/G%2BAQis7593zG0Z7I78%2B/1VKxczshefdCrI4KhVjep5AzsxpIkrMt9sXGh7tVxIeWsZJv7af4jSQDJu70ihD7ehoy8SxO7Zczkv/XkCMkL5HsyKkJBUEK4U7a9XBt3h7Wh6U3ltJs3BjV5gXgviTqv%2ByTylS1LbDb5%2Bj1k1FjyW6e9BDrF3laoSKuvAuWbonij86uuUXaTbnsEszn96SzdFmwiDPkqEHeQCUTzuaq/K5VO8uKNlmDwGJkh9ul%2BStFNmWa1cZiZoXh2XUgGx8ei%2BA72f92KKWOOW/d4SpjPU0/AMd98M1sj5AZ2vsoLkySxH1RqPTRmdLMF2bq1w%3D%3D: Read timed out
	at sun.reflect.NativeConstructorAccessorImpl.newInstance0(Native Method) ~[na:1.8.0_91]
	at sun.reflect.NativeConstructorAccessorImpl.newInstance(NativeConstructorAccessorImpl.java:62) ~[na:1.8.0_91]
	at sun.reflect.DelegatingConstructorAccessorImpl.newInstance(DelegatingConstructorAccessorImpl.java:45) ~[na:1.8.0_91]
	at java.lang.reflect.Constructor.newInstance(Constructor.java:423) ~[na:1.8.0_91]
	at org.apache.cxf.transport.http.HTTPConduit$WrappedOutputStream.mapException(HTTPConduit.java:1376) ~[cxf-rt-transports-http-3.0.7.jar:3.0.7]
	at org.apache.cxf.transport.http.HTTPConduit$WrappedOutputStream.close(HTTPConduit.java:1360) ~[cxf-rt-transports-http-3.0.7.jar:3.0.7]
	at org.apache.cxf.transport.AbstractConduit.close(AbstractConduit.java:56) ~[cxf-core-3.0.7.jar:3.0.7]
	at org.apache.cxf.transport.http.HTTPConduit.close(HTTPConduit.java:651) ~[cxf-rt-transports-http-3.0.7.jar:3.0.7]
	at org.apache.cxf.interceptor.MessageSenderInterceptor$MessageSenderEndingInterceptor.handleMessage(MessageSenderInterceptor.java:62) ~[cxf-core-3.0.7.jar:3.0.7]
	... 8 common frames omitted
Caused by: java.net.SocketTimeoutException: Read timed out
	at java.net.SocketInputStream.socketRead0(Native Method) ~[na:1.8.0_91]
	at java.net.SocketInputStream.socketRead(SocketInputStream.java:116) ~[na:1.8.0_91]
	at java.net.SocketInputStream.read(SocketInputStream.java:170) ~[na:1.8.0_91]
	at java.net.SocketInputStream.read(SocketInputStream.java:141) ~[na:1.8.0_91]
	at java.io.BufferedInputStream.fill(BufferedInputStream.java:246) ~[na:1.8.0_91]
	at java.io.BufferedInputStream.read1(BufferedInputStream.java:286) ~[na:1.8.0_91]
	at java.io.BufferedInputStream.read(BufferedInputStream.java:345) ~[na:1.8.0_91]
	at sun.net.www.http.HttpClient.parseHTTPHeader(HttpClient.java:704) ~[na:1.8.0_91]
	at sun.net.www.http.HttpClient.parseHTTP(HttpClient.java:647) ~[na:1.8.0_91]
	at sun.net.www.protocol.http.HttpURLConnection.getInputStream0(HttpURLConnection.java:1536) ~[na:1.8.0_91]
	at sun.net.www.protocol.http.HttpURLConnection.getInputStream(HttpURLConnection.java:1441) ~[na:1.8.0_91]
	at java.net.HttpURLConnection.getResponseCode(HttpURLConnection.java:480) ~[na:1.8.0_91]
	at org.apache.cxf.transport.http.URLConnectionHTTPConduit$URLConnectionWrappedOutputStream.getResponseCode(URLConnectionHTTPConduit.java:332) ~[cxf-rt-transports-http-3.0.7.jar:3.0.7]
	at org.apache.cxf.transport.http.HTTPConduit$WrappedOutputStream.doProcessResponseCode(HTTPConduit.java:1580) ~[cxf-rt-transports-http-3.0.7.jar:3.0.7]
	at org.apache.cxf.transport.http.HTTPConduit$WrappedOutputStream.handleResponseInternal(HTTPConduit.java:1609) ~[cxf-rt-transports-http-3.0.7.jar:3.0.7]
	at org.apache.cxf.transport.http.HTTPConduit$WrappedOutputStream.handleResponse(HTTPConduit.java:1550) ~[cxf-rt-transports-http-3.0.7.jar:3.0.7]
	at org.apache.cxf.transport.http.HTTPConduit$WrappedOutputStream.close(HTTPConduit.java:1347) ~[cxf-rt-transports-http-3.0.7.jar:3.0.7]
	... 11 common frames omitted
15:16:24.553 [main] WARN  o.a.cxf.phase.PhaseInterceptorChain - Interceptor for {http://localhost:8080/SRRPWS/cxf/RESTful}WebClient has thrown exception, unwinding now
org.apache.cxf.interceptor.Fault: Could not send Message.
	at org.apache.cxf.interceptor.MessageSenderInterceptor$MessageSenderEndingInterceptor.handleMessage(MessageSenderInterceptor.java:64) ~[cxf-core-3.0.7.jar:3.0.7]
	at org.apache.cxf.phase.PhaseInterceptorChain.doIntercept(PhaseInterceptorChain.java:307) ~[cxf-core-3.0.7.jar:3.0.7]
	at org.apache.cxf.jaxrs.client.AbstractClient.doRunInterceptorChain(AbstractClient.java:649) [cxf-rt-rs-client-3.0.7.jar:3.0.7]
	at org.apache.cxf.jaxrs.client.WebClient.doChainedInvocation(WebClient.java:1093) [cxf-rt-rs-client-3.0.7.jar:3.0.7]
	at org.apache.cxf.jaxrs.client.WebClient.doInvoke(WebClient.java:894) [cxf-rt-rs-client-3.0.7.jar:3.0.7]
	at org.apache.cxf.jaxrs.client.WebClient.doInvoke(WebClient.java:865) [cxf-rt-rs-client-3.0.7.jar:3.0.7]
	at org.apache.cxf.jaxrs.client.WebClient.invoke(WebClient.java:428) [cxf-rt-rs-client-3.0.7.jar:3.0.7]
	at org.apache.cxf.jaxrs.client.WebClient.get(WebClient.java:611) [cxf-rt-rs-client-3.0.7.jar:3.0.7]
	at com.icfcc.ws.services.CompanyUserWsClientServices.main(CompanyUserWsClientServices.java:43) [classes/:na]
Caused by: java.net.SocketTimeoutException: SocketTimeoutException invoking http://localhost:8080/SRRPWS/cxf/RESTful/getCompanyInfo?companyInfoJsonStr=Wrm/G%2BAQis7593zG0Z7I78%2B/1VKxczshefdCrI4KhVjep5AzsxpIkrMt9sXGh7tVxIeWsZJv7af4jSQDJu70ihD7ehoy8SxO7Zczkv/XkCMkL5HsyKkJBUEK4U7a9XBt3h7Wh6U3ltJs3BjV5gXgviTqv%2ByTylS1LbDb5%2Bj1k1FjyW6e9BDrF3laoSKuvAuWbonij86uuUXaTbnsEszn96SzdFmwiDPkqEHeQCUTzuaq/K5VO8uKNlmDwGJkh9ul%2BStFNmWa1cZiZoXh2XUgGx8ei%2BA72f92KKWOOW/d4SpjPU0/AMd98M1sj5AZ2vsoLkySxH1RqPTRmdLMF2bq1w%3D%3D: Read timed out
	at sun.reflect.NativeConstructorAccessorImpl.newInstance0(Native Method) ~[na:1.8.0_91]
	at sun.reflect.NativeConstructorAccessorImpl.newInstance(NativeConstructorAccessorImpl.java:62) ~[na:1.8.0_91]
	at sun.reflect.DelegatingConstructorAccessorImpl.newInstance(DelegatingConstructorAccessorImpl.java:45) ~[na:1.8.0_91]
	at java.lang.reflect.Constructor.newInstance(Constructor.java:423) ~[na:1.8.0_91]
	at org.apache.cxf.transport.http.HTTPConduit$WrappedOutputStream.mapException(HTTPConduit.java:1376) ~[cxf-rt-transports-http-3.0.7.jar:3.0.7]
	at org.apache.cxf.transport.http.HTTPConduit$WrappedOutputStream.close(HTTPConduit.java:1360) ~[cxf-rt-transports-http-3.0.7.jar:3.0.7]
	at org.apache.cxf.transport.AbstractConduit.close(AbstractConduit.java:56) ~[cxf-core-3.0.7.jar:3.0.7]
	at org.apache.cxf.transport.http.HTTPConduit.close(HTTPConduit.java:651) ~[cxf-rt-transports-http-3.0.7.jar:3.0.7]
	at org.apache.cxf.interceptor.MessageSenderInterceptor$MessageSenderEndingInterceptor.handleMessage(MessageSenderInterceptor.java:62) ~[cxf-core-3.0.7.jar:3.0.7]
	... 8 common frames omitted
Caused by: java.net.SocketTimeoutException: Read timed out
	at java.net.SocketInputStream.socketRead0(Native Method) ~[na:1.8.0_91]
	at java.net.SocketInputStream.socketRead(SocketInputStream.java:116) ~[na:1.8.0_91]
	at java.net.SocketInputStream.read(SocketInputStream.java:170) ~[na:1.8.0_91]
	at java.net.SocketInputStream.read(SocketInputStream.java:141) ~[na:1.8.0_91]
	at java.io.BufferedInputStream.fill(BufferedInputStream.java:246) ~[na:1.8.0_91]
	at java.io.BufferedInputStream.read1(BufferedInputStream.java:286) ~[na:1.8.0_91]
	at java.io.BufferedInputStream.read(BufferedInputStream.java:345) ~[na:1.8.0_91]
	at sun.net.www.http.HttpClient.parseHTTPHeader(HttpClient.java:704) ~[na:1.8.0_91]
	at sun.net.www.http.HttpClient.parseHTTP(HttpClient.java:647) ~[na:1.8.0_91]
	at sun.net.www.protocol.http.HttpURLConnection.getInputStream0(HttpURLConnection.java:1536) ~[na:1.8.0_91]
	at sun.net.www.protocol.http.HttpURLConnection.getInputStream(HttpURLConnection.java:1441) ~[na:1.8.0_91]
	at java.net.HttpURLConnection.getResponseCode(HttpURLConnection.java:480) ~[na:1.8.0_91]
	at org.apache.cxf.transport.http.URLConnectionHTTPConduit$URLConnectionWrappedOutputStream.getResponseCode(URLConnectionHTTPConduit.java:332) ~[cxf-rt-transports-http-3.0.7.jar:3.0.7]
	at org.apache.cxf.transport.http.HTTPConduit$WrappedOutputStream.doProcessResponseCode(HTTPConduit.java:1580) ~[cxf-rt-transports-http-3.0.7.jar:3.0.7]
	at org.apache.cxf.transport.http.HTTPConduit$WrappedOutputStream.handleResponseInternal(HTTPConduit.java:1609) ~[cxf-rt-transports-http-3.0.7.jar:3.0.7]
	at org.apache.cxf.transport.http.HTTPConduit$WrappedOutputStream.handleResponse(HTTPConduit.java:1550) ~[cxf-rt-transports-http-3.0.7.jar:3.0.7]
	at org.apache.cxf.transport.http.HTTPConduit$WrappedOutputStream.close(HTTPConduit.java:1347) ~[cxf-rt-transports-http-3.0.7.jar:3.0.7]
	... 11 common frames omitted
