10:04:53.809 [Druid-ConnectionPool-Create-847839957] ERROR c.alibaba.druid.pool.DruidDataSource - create connection error, url: jdbc:mysql://172.16.110.197:3306/stockrights?useUnicode=true&characterEncoding=utf-8, errorCode 0, state 08S01
com.mysql.jdbc.exceptions.jdbc4.CommunicationsException: Communications link failure

The last packet sent successfully to the server was 0 milliseconds ago. The driver has not received any packets from the server.
	at sun.reflect.GeneratedConstructorAccessor19.newInstance(Unknown Source) ~[na:na]
	at sun.reflect.DelegatingConstructorAccessorImpl.newInstance(DelegatingConstructorAccessorImpl.java:45) ~[na:1.8.0_91]
	at java.lang.reflect.Constructor.newInstance(Constructor.java:423) ~[na:1.8.0_91]
	at com.mysql.jdbc.Util.handleNewInstance(Util.java:411) ~[mysql-connector-java-5.1.21.jar:na]
	at com.mysql.jdbc.SQLError.createCommunicationsException(SQLError.java:1117) ~[mysql-connector-java-5.1.21.jar:na]
	at com.mysql.jdbc.MysqlIO.<init>(MysqlIO.java:350) ~[mysql-connector-java-5.1.21.jar:na]
	at com.mysql.jdbc.ConnectionImpl.coreConnect(ConnectionImpl.java:2393) ~[mysql-connector-java-5.1.21.jar:na]
	at com.mysql.jdbc.ConnectionImpl.connectOneTryOnly(ConnectionImpl.java:2430) ~[mysql-connector-java-5.1.21.jar:na]
	at com.mysql.jdbc.ConnectionImpl.createNewIO(ConnectionImpl.java:2215) ~[mysql-connector-java-5.1.21.jar:na]
	at com.mysql.jdbc.ConnectionImpl.<init>(ConnectionImpl.java:813) ~[mysql-connector-java-5.1.21.jar:na]
	at com.mysql.jdbc.JDBC4Connection.<init>(JDBC4Connection.java:47) ~[mysql-connector-java-5.1.21.jar:na]
	at sun.reflect.GeneratedConstructorAccessor17.newInstance(Unknown Source) ~[na:na]
	at sun.reflect.DelegatingConstructorAccessorImpl.newInstance(DelegatingConstructorAccessorImpl.java:45) ~[na:1.8.0_91]
	at java.lang.reflect.Constructor.newInstance(Constructor.java:423) ~[na:1.8.0_91]
	at com.mysql.jdbc.Util.handleNewInstance(Util.java:411) ~[mysql-connector-java-5.1.21.jar:na]
	at com.mysql.jdbc.ConnectionImpl.getInstance(ConnectionImpl.java:399) ~[mysql-connector-java-5.1.21.jar:na]
	at com.mysql.jdbc.NonRegisteringDriver.connect(NonRegisteringDriver.java:334) ~[mysql-connector-java-5.1.21.jar:na]
	at com.alibaba.druid.filter.FilterChainImpl.connection_connect(FilterChainImpl.java:148) ~[druid-1.0.19.jar:1.0.19]
	at com.alibaba.druid.filter.stat.StatFilter.connection_connect(StatFilter.java:211) ~[druid-1.0.19.jar:1.0.19]
	at com.alibaba.druid.filter.FilterChainImpl.connection_connect(FilterChainImpl.java:142) ~[druid-1.0.19.jar:1.0.19]
	at com.alibaba.druid.pool.DruidAbstractDataSource.createPhysicalConnection(DruidAbstractDataSource.java:1410) ~[druid-1.0.19.jar:1.0.19]
	at com.alibaba.druid.pool.DruidAbstractDataSource.createPhysicalConnection(DruidAbstractDataSource.java:1464) ~[druid-1.0.19.jar:1.0.19]
	at com.alibaba.druid.pool.DruidDataSource$CreateConnectionThread.run(DruidDataSource.java:1995) ~[druid-1.0.19.jar:1.0.19]
Caused by: java.net.SocketException: Software caused connection abort: connect
	at java.net.DualStackPlainSocketImpl.connect0(Native Method) ~[na:1.8.0_91]
	at java.net.DualStackPlainSocketImpl.socketConnect(DualStackPlainSocketImpl.java:79) ~[na:1.8.0_91]
	at java.net.AbstractPlainSocketImpl.doConnect(AbstractPlainSocketImpl.java:350) ~[na:1.8.0_91]
	at java.net.AbstractPlainSocketImpl.connectToAddress(AbstractPlainSocketImpl.java:206) ~[na:1.8.0_91]
	at java.net.AbstractPlainSocketImpl.connect(AbstractPlainSocketImpl.java:188) ~[na:1.8.0_91]
	at java.net.PlainSocketImpl.connect(PlainSocketImpl.java:172) ~[na:1.8.0_91]
	at java.net.SocksSocketImpl.connect(SocksSocketImpl.java:392) ~[na:1.8.0_91]
	at java.net.Socket.connect(Socket.java:589) ~[na:1.8.0_91]
	at java.net.Socket.connect(Socket.java:538) ~[na:1.8.0_91]
	at java.net.Socket.<init>(Socket.java:434) ~[na:1.8.0_91]
	at java.net.Socket.<init>(Socket.java:244) ~[na:1.8.0_91]
	at com.mysql.jdbc.StandardSocketFactory.connect(StandardSocketFactory.java:257) ~[mysql-connector-java-5.1.21.jar:na]
	at com.mysql.jdbc.MysqlIO.<init>(MysqlIO.java:300) ~[mysql-connector-java-5.1.21.jar:na]
	... 17 common frames omitted
